Arguments: 
  /Users/developer/.nvm/versions/node/v20.11.1/bin/node /Users/developer/.yarn/bin/yarn.js add swiper ^11.2

PATH: 
  /Users/developer/.codeium/windsurf/bin:/Users/developer/.yarn/bin:/Users/developer/.config/yarn/global/node_modules/.bin:/Users/developer/.nvm/versions/node/v20.11.1/bin:/Users/developer/bin:/usr/local/bin:/usr/local/bin:/usr/bin:/bin:/usr/sbin:/sbin:/Users/developer/.cargo/bin:/Library/Frameworks/Python.framework/Versions/3.13/bin

Yarn version: 
  1.22.19

Node version: 
  20.11.1

Platform: 
  darwin x64

Trace: 
  Error: https://registry.yarnpkg.com/%5E11.2: Not found
      at params.callback [as _callback] (/Users/developer/.yarn/lib/cli.js:66145:18)
      at self.callback (/Users/developer/.yarn/lib/cli.js:140890:22)
      at Request.emit (node:events:518:28)
      at Request.<anonymous> (/Users/developer/.yarn/lib/cli.js:141862:10)
      at Request.emit (node:events:518:28)
      at IncomingMessage.<anonymous> (/Users/developer/.yarn/lib/cli.js:141784:12)
      at Object.onceWrapper (node:events:632:28)
      at IncomingMessage.emit (node:events:530:35)
      at endReadableNT (node:internal/streams/readable:1696:12)
      at process.processTicksAndRejections (node:internal/process/task_queues:82:21)

npm manifest: 
  {
    "name": "swiper-fos",
    "version": "1.0.0",
    "main": "index.js",
    "license": "MIT"
  }

yarn manifest: 
  No manifest

Lockfile: 
  No lockfile
